<?xml version="1.0" encoding="UTF-8"?>
<testng-results ignored="0" total="1" passed="1" failed="0" skipped="0">
  <reporter-output>
  </reporter-output>
  <suite started-at="2025-02-12T22:32:17 WIB" name="Default suite" finished-at="2025-02-12T22:32:30 WIB" duration-ms="13444">
    <groups>
    </groups>
    <test started-at="2025-02-12T22:32:17 WIB" name="Default test" finished-at="2025-02-12T22:32:30 WIB" duration-ms="13444">
      <class name="test.TicketTest">
        <test-method is-config="true" signature="setup()[pri:0, instance:test.TicketTest@79e4c792]" started-at="2025-02-12T22:32:17 WIB" name="setup" finished-at="2025-02-12T22:32:22 WIB" duration-ms="5444" status="PASS">
          <reporter-output>
          </reporter-output>
        </test-method> <!-- setup -->
        <test-method signature="testSearchFlight(java.lang.String,java.lang.String)[pri:0, instance:test.TicketTest@79e4c792]" started-at="2025-02-12T22:32:22 WIB" name="testSearchFlight" data-provider="airportNames" finished-at="2025-02-12T22:32:30 WIB" duration-ms="7665" status="PASS">
          <params>
            <param index="0">
              <value>
                <![CDATA[Halim]]>
              </value>
            </param>
            <param index="1">
              <value>
                <![CDATA[Ngurah]]>
              </value>
            </param>
          </params>
          <reporter-output>
          </reporter-output>
        </test-method> <!-- testSearchFlight -->
        <test-method is-config="true" signature="tearDown()[pri:0, instance:test.TicketTest@79e4c792]" started-at="2025-02-12T22:32:30 WIB" name="tearDown" finished-at="2025-02-12T22:32:30 WIB" duration-ms="278" status="PASS">
          <reporter-output>
          </reporter-output>
        </test-method> <!-- tearDown -->
      </class> <!-- test.TicketTest -->
    </test> <!-- Default test -->
  </suite> <!-- Default suite -->
</testng-results>
